<?xml version="1.0" encoding="UTF-8"?>
<!-- Generated by org.testng.reporters.JUnitReportReporter -->
<testsuite name="com.testcases.TC_017_Validate_More_options_before_Login" tests="1" time="119.980" ignored="0" failures="0" timestamp="15 Feb 2021 08:29:25 GMT" skipped="0" hostname="DESKTOP-8FKLJ50" errors="0">
  <testcase name="tC_017_Validate_More_options_before_Login" time="119.980" classname="com.testcases.TC_017_Validate_More_options_before_Login"/>
</testsuite> <!-- com.testcases.TC_017_Validate_More_options_before_Login -->
