<?xml version="1.0" encoding="UTF-8"?>
<!-- Generated by org.testng.reporters.JUnitReportReporter -->
<testsuite name="com.testcases.TC_013_Validate_DashBoard_Page_Attributes" tests="1" time="406.627" ignored="0" failures="0" timestamp="15 Feb 2021 08:29:25 GMT" skipped="0" hostname="DESKTOP-8FKLJ50" errors="0">
  <testcase name="tC_013_Validate_DashBoard_Page_Attributes" time="406.627" classname="com.testcases.TC_013_Validate_DashBoard_Page_Attributes"/>
</testsuite> <!-- com.testcases.TC_013_Validate_DashBoard_Page_Attributes -->
