<?xml version="1.0" encoding="UTF-8"?>
<!-- Generated by org.testng.reporters.JUnitReportReporter -->
<testsuite name="com.testsuites.TS_001_End_to_End_Testing_Suite" tests="1" time="4.093" ignored="0" failures="0" timestamp="18 Sep 2020 07:19:25 GMT" skipped="0" hostname="DESKTOP-8FKLJ50" errors="0">
  <testcase name="tS_001_End_to_End_Testing_Suite" time="4.093" classname="com.testsuites.TS_001_End_to_End_Testing_Suite"/>
</testsuite> <!-- com.testsuites.TS_001_End_to_End_Testing_Suite -->
