<?xml version="1.0" encoding="UTF-8"?>
<!-- Generated by org.testng.reporters.JUnitReportReporter -->
<testsuite name="com.practice.TC_FCA_3_Validate_Dashboard_Attributes_values" tests="1" time="684.945" ignored="0" failures="0" timestamp="19 Apr 2021 05:16:49 GMT" skipped="0" hostname="DESKTOP-8FKLJ50" errors="0">
  <testcase name="tC_FCA_3_Validate_Dashboard_Attributes_values" time="684.945" classname="com.practice.TC_FCA_3_Validate_Dashboard_Attributes_values"/>
</testsuite> <!-- com.practice.TC_FCA_3_Validate_Dashboard_Attributes_values -->
