<?xml version="1.0" encoding="UTF-8"?>
<!-- Generated by org.testng.reporters.JUnitReportReporter -->
<testsuite name="com.testcases.TC_015_Tap_ADD_ITEM_to_Search_product_page" tests="1" time="74.575" ignored="0" failures="0" timestamp="22 Dec 2020 12:37:44 GMT" skipped="0" hostname="DESKTOP-8FKLJ50" errors="0">
  <testcase name="tC_015_Tap_ADD_ITEM_to_Search_product_page" time="74.575" classname="com.testcases.TC_015_Tap_ADD_ITEM_to_Search_product_page"/>
</testsuite> <!-- com.testcases.TC_015_Tap_ADD_ITEM_to_Search_product_page -->
