<?xml version="1.0" encoding="UTF-8"?>
<!-- Generated by org.testng.reporters.JUnitReportReporter -->
<testsuite name="com.testcases.TC_006_Validate_SearchListingPage" tests="1" time="165.044" ignored="0" failures="0" timestamp="01 Dec 2020 06:20:54 GMT" skipped="0" hostname="DESKTOP-8FKLJ50" errors="0">
  <testcase name="tC_006_Validate_SearchListingPage" time="165.044" classname="com.testcases.TC_006_Validate_SearchListingPage"/>
</testsuite> <!-- com.testcases.TC_006_Validate_SearchListingPage -->
