<?xml version="1.0" encoding="UTF-8"?>
<!-- Generated by org.testng.reporters.JUnitReportReporter -->
<testsuite name="com.testcases.TC_002_Validate_FlashScreen_Skip_Option" tests="1" time="57.809" ignored="0" failures="0" timestamp="22 Oct 2020 05:19:03 GMT" skipped="0" hostname="DESKTOP-8FKLJ50" errors="0">
  <testcase name="tC_002_Validate_FlashScreen_Skip_Option" time="57.809" classname="com.testcases.TC_002_Validate_FlashScreen_Skip_Option"/>
</testsuite> <!-- com.testcases.TC_002_Validate_FlashScreen_Skip_Option -->
