<?xml version="1.0" encoding="UTF-8"?>
<!-- Generated by org.testng.reporters.JUnitReportReporter -->
<testsuite name="com.practice.TC_FCA_5_Validate_Individual_Product_Page" tests="1" time="293.115" ignored="0" failures="0" timestamp="19 Apr 2021 05:16:49 GMT" skipped="0" hostname="DESKTOP-8FKLJ50" errors="0">
  <testcase name="tC_FCA_5_Validate_Individual_Product_Page" time="293.115" classname="com.practice.TC_FCA_5_Validate_Individual_Product_Page"/>
</testsuite> <!-- com.practice.TC_FCA_5_Validate_Individual_Product_Page -->
