<?xml version="1.0" encoding="UTF-8"?>
<!-- Generated by org.testng.reporters.JUnitReportReporter -->
<testsuite name="com.testcases.TC_026_Validate_Device_Back_in_Flash_Screen" tests="1" time="95.811" ignored="0" failures="0" timestamp="10 Feb 2021 11:17:18 GMT" skipped="0" hostname="DESKTOP-8FKLJ50" errors="0">
  <testcase name="tC_026_Validate_Device_Back_in_Flash_Screen" time="95.811" classname="com.testcases.TC_026_Validate_Device_Back_in_Flash_Screen"/>
</testsuite> <!-- com.testcases.TC_026_Validate_Device_Back_in_Flash_Screen -->
