<?xml version="1.0" encoding="UTF-8"?>
<!-- Generated by org.testng.reporters.JUnitReportReporter -->
<testsuite name="com.testcases.TC_008_Validate_Cart_Page" tests="1" time="256.898" ignored="0" failures="0" timestamp="01 Dec 2020 05:22:59 GMT" skipped="0" hostname="DESKTOP-8FKLJ50" errors="0">
  <testcase name="tC_008_Validate_Cart_Page" time="256.898" classname="com.testcases.TC_008_Validate_Cart_Page"/>
</testsuite> <!-- com.testcases.TC_008_Validate_Cart_Page -->
