<?xml version="1.0" encoding="UTF-8"?>
<!-- Generated by org.testng.reporters.JUnitReportReporter -->
<testsuite name="com.practice.TC_FCA_7_Validate_CART_Page" tests="1" time="387.666" ignored="0" failures="0" timestamp="19 Apr 2021 05:16:49 GMT" skipped="0" hostname="DESKTOP-8FKLJ50" errors="0">
  <testcase name="tC_FCA_7_Validate_CART_Page" time="387.666" classname="com.practice.TC_FCA_7_Validate_CART_Page"/>
</testsuite> <!-- com.practice.TC_FCA_7_Validate_CART_Page -->
