<?xml version="1.0" encoding="UTF-8"?>
<!-- Generated by org.testng.reporters.JUnitReportReporter -->
<testsuite name="com.testcases.TC_010_Validate_Subscription_Page" tests="1" time="377.711" ignored="0" failures="0" timestamp="15 Feb 2021 10:54:24 GMT" skipped="0" hostname="DESKTOP-8FKLJ50" errors="0">
  <testcase name="tC_010_Validate_Subscription_Page" time="377.711" classname="com.testcases.TC_010_Validate_Subscription_Page"/>
</testsuite> <!-- com.testcases.TC_010_Validate_Subscription_Page -->
