<?xml version="1.0" encoding="UTF-8"?>
<!-- Generated by org.testng.reporters.JUnitReportReporter -->
<testsuite name="com.testcases.TC_012_Validate_Dashboard_On_Reopen_After_SkipOnFlash" tests="1" time="90.542" ignored="0" failures="0" timestamp="22 Dec 2020 13:45:31 GMT" skipped="0" hostname="DESKTOP-8FKLJ50" errors="0">
  <testcase name="tC_012_Validate_Dashboard_On_Reopen_After_SkipOnFlash" time="90.542" classname="com.testcases.TC_012_Validate_Dashboard_On_Reopen_After_SkipOnFlash"/>
</testsuite> <!-- com.testcases.TC_012_Validate_Dashboard_On_Reopen_After_SkipOnFlash -->
