<?xml version="1.0" encoding="UTF-8"?>
<!-- Generated by org.testng.reporters.JUnitReportReporter -->
<testsuite name="com.practice.TC_FCA_1_Validate_Launching_Splash_Screen" tests="1" time="64.604" ignored="0" failures="0" timestamp="19 Apr 2021 05:16:49 GMT" skipped="0" hostname="DESKTOP-8FKLJ50" errors="0">
  <testcase name="tC_FCA_1_Validate_Launching_Splash_Screen" time="64.604" classname="com.practice.TC_FCA_1_Validate_Launching_Splash_Screen"/>
</testsuite> <!-- com.practice.TC_FCA_1_Validate_Launching_Splash_Screen -->
