<?xml version="1.0" encoding="UTF-8"?>
<!-- Generated by org.testng.reporters.JUnitReportReporter -->
<testsuite name="com.testcases.TC_003_Validate_FlashScreen_Image_page" tests="1" time="53.962" ignored="0" failures="0" timestamp="07 Sep 2020 17:51:37 GMT" skipped="0" hostname="DESKTOP-8FKLJ50" errors="0">
  <testcase name="tC_003_Validate_FlashScreen_Image_page" time="53.962" classname="com.testcases.TC_003_Validate_FlashScreen_Image_page"/>
</testsuite> <!-- com.testcases.TC_003_Validate_FlashScreen_Image_page -->
