<?xml version="1.0" encoding="UTF-8"?>
<!-- Generated by org.testng.reporters.JUnitReportReporter -->
<testsuite name="com.testcases.TC_014_Navigate_Arriving_Tom_to_Order_Calender" tests="1" time="141.779" ignored="0" failures="0" timestamp="15 Feb 2021 08:29:25 GMT" skipped="0" hostname="DESKTOP-8FKLJ50" errors="0">
  <testcase name="tC_014_Navigate_Arriving_Tom_to_Order_Calender" time="141.779" classname="com.testcases.TC_014_Navigate_Arriving_Tom_to_Order_Calender"/>
</testsuite> <!-- com.testcases.TC_014_Navigate_Arriving_Tom_to_Order_Calender -->
