<?xml version="1.0" encoding="UTF-8"?>
<!-- Generated by org.testng.reporters.JUnitReportReporter -->
<testsuite name="com.testcases.TC_023_Validate_Cart_page_through_product_page" tests="1" time="165.064" ignored="0" failures="0" timestamp="21 Dec 2020 15:48:54 GMT" skipped="0" hostname="DESKTOP-8FKLJ50" errors="0">
  <testcase name="tC_023_Validate_Cart_page_through_product_page" time="165.064" classname="com.testcases.TC_023_Validate_Cart_page_through_product_page"/>
</testsuite> <!-- com.testcases.TC_023_Validate_Cart_page_through_product_page -->
