<?xml version="1.0" encoding="UTF-8"?>
<!-- Generated by org.testng.reporters.JUnitReportReporter -->
<testsuite name="com.testcases.TC_005_Validate_Selected_Category_Name" tests="1" time="204.670" ignored="0" failures="0" timestamp="10 Feb 2021 11:17:19 GMT" skipped="0" hostname="DESKTOP-8FKLJ50" errors="0">
  <testcase name="tC_005_Validate_Selected_Category_Name" time="204.670" classname="com.testcases.TC_005_Validate_Selected_Category_Name"/>
</testsuite> <!-- com.testcases.TC_005_Validate_Selected_Category_Name -->
