<?xml version="1.0" encoding="UTF-8"?>
<!-- Generated by org.testng.reporters.JUnitReportReporter -->
<testsuite name="com.testcases.TC_018_Validate_More_options_After_Login" tests="1" time="162.308" ignored="0" failures="0" timestamp="22 Dec 2020 08:45:16 GMT" skipped="0" hostname="DESKTOP-8FKLJ50" errors="0">
  <testcase name="tC_018_Validate_More_options_After_Login" time="162.308" classname="com.testcases.TC_018_Validate_More_options_After_Login"/>
</testsuite> <!-- com.testcases.TC_018_Validate_More_options_After_Login -->
