<?xml version="1.0" encoding="UTF-8"?>
<!-- Generated by org.testng.reporters.JUnitReportReporter -->
<testsuite name="com.practice.TC_FCA_4_Validate_Search_List_Add_Product_to_Cart" tests="1" time="258.850" ignored="0" failures="0" timestamp="19 Apr 2021 05:16:49 GMT" skipped="0" hostname="DESKTOP-8FKLJ50" errors="0">
  <testcase name="tC_FCA_4_Validate_Search_List_Add_Product_to_Cart" time="258.850" classname="com.practice.TC_FCA_4_Validate_Search_List_Add_Product_to_Cart"/>
</testsuite> <!-- com.practice.TC_FCA_4_Validate_Search_List_Add_Product_to_Cart -->
