<?xml version="1.0" encoding="UTF-8"?>
<!-- Generated by org.testng.reporters.JUnitReportReporter -->
<testsuite name="com.testcases.TC_004_EndToEnd_Test" tests="1" time="329.596" ignored="0" failures="0" timestamp="20 Oct 2020 05:27:01 GMT" skipped="0" hostname="DESKTOP-8FKLJ50" errors="0">
  <testcase name="tC_004_EndToEnd_Test" time="329.596" classname="com.testcases.TC_004_EndToEnd_Test"/>
</testsuite> <!-- com.testcases.TC_004_EndToEnd_Test -->
