<?xml version="1.0" encoding="UTF-8"?>
<!-- Generated by org.testng.reporters.JUnitReportReporter -->
<testsuite name="com.testcases.TC_025_Validate_Exit_Notification" tests="1" time="94.556" ignored="0" failures="0" timestamp="21 Dec 2020 15:16:38 GMT" skipped="0" hostname="DESKTOP-8FKLJ50" errors="0">
  <testcase name="tC_025_Validate_Exit_Notification" time="94.556" classname="com.testcases.TC_025_Validate_Exit_Notification"/>
</testsuite> <!-- com.testcases.TC_025_Validate_Exit_Notification -->
