<?xml version="1.0" encoding="UTF-8"?>
<!-- Generated by org.testng.reporters.JUnitReportReporter -->
<testsuite name="com.testcases.TC_007_Validate_Login_Page" tests="1" time="111.655" ignored="0" failures="0" timestamp="15 Dec 2020 12:11:51 GMT" skipped="0" hostname="DESKTOP-8FKLJ50" errors="0">
  <testcase name="tC_007_Validate_Login_Page" time="111.655" classname="com.testcases.TC_007_Validate_Login_Page"/>
</testsuite> <!-- com.testcases.TC_007_Validate_Login_Page -->
