<?xml version="1.0" encoding="UTF-8"?>
<!-- Generated by org.testng.reporters.JUnitReportReporter -->
<testsuite name="com.testcases.TC_011_Validate_SearchResultCount" tests="1" time="200.913" ignored="0" failures="0" timestamp="15 Feb 2021 08:29:25 GMT" skipped="0" hostname="DESKTOP-8FKLJ50" errors="0">
  <testcase name="tC_011_Validate_SearchResultCount" time="200.913" classname="com.testcases.TC_011_Validate_SearchResultCount"/>
</testsuite> <!-- com.testcases.TC_011_Validate_SearchResultCount -->
