<?xml version="1.0" encoding="UTF-8"?>
<!-- Generated by org.testng.reporters.JUnitReportReporter -->
<testsuite name="com.testcases.TC_021_Validate_individual_product_page" tests="1" time="178.115" ignored="0" failures="0" timestamp="22 Dec 2020 04:39:56 GMT" skipped="0" hostname="DESKTOP-8FKLJ50" errors="0">
  <testcase name="tC_021_Validate_individual_product_page" time="178.115" classname="com.testcases.TC_021_Validate_individual_product_page"/>
</testsuite> <!-- com.testcases.TC_021_Validate_individual_product_page -->
