<?xml version="1.0" encoding="UTF-8"?>
<!-- Generated by org.testng.reporters.JUnitReportReporter -->
<testsuite name="com.testcases.TC_009_Validate_Online_Payment_Page" tests="1" time="340.598" ignored="0" failures="0" timestamp="18 Dec 2020 07:09:38 GMT" skipped="0" hostname="DESKTOP-8FKLJ50" errors="0">
  <testcase name="tC_009_Validate_Online_Payment_Page" time="340.598" classname="com.testcases.TC_009_Validate_Online_Payment_Page"/>
</testsuite> <!-- com.testcases.TC_009_Validate_Online_Payment_Page -->
