<?xml version="1.0" encoding="UTF-8"?>
<!-- Generated by org.testng.reporters.JUnitReportReporter -->
<testsuite name="com.testcases.TC_022_Validate_add_Subscribe_in_product_page_before_Login" tests="1" time="133.065" ignored="0" failures="0" timestamp="22 Dec 2020 04:24:54 GMT" skipped="0" hostname="DESKTOP-8FKLJ50" errors="0">
  <testcase name="tC_022_Validate_add_Subscribe_in_product_page_before_Login" time="133.065" classname="com.testcases.TC_022_Validate_add_Subscribe_in_product_page_before_Login"/>
</testsuite> <!-- com.testcases.TC_022_Validate_add_Subscribe_in_product_page_before_Login -->
