<?xml version="1.0" encoding="UTF-8"?>
<!-- Generated by org.testng.reporters.JUnitReportReporter -->
<testsuite name="com.testcases.TC_001_Validate_Search_Listing_page" tests="2" time="0.145" ignored="0" failures="0" timestamp="04 Aug 2020 05:23:31 GMT" skipped="1" hostname="DESKTOP-8FKLJ50" errors="1">
  <testcase name="lunchingApp" time="0.000" classname="com.testcases.TC_001_Validate_Search_Listing_page">
    <error type="io.appium.java_client.service.local.AppiumServerHasNotBeenStartedLocallyException" message="The local appium server has not been started. The given Node.js executable: C:\Program Files\nodejs\node.exe Arguments: [C:\Users\Dell\AppData\Roaming\npm\node_modules\appium\build\lib\main.js, --port, 7138, --address, 0.0.0.0, --log-level, info, --relaxed-security, --session-override] 
">
      <![CDATA[io.appium.java_client.service.local.AppiumServerHasNotBeenStartedLocallyException: The local appium server has not been started. The given Node.js executable: C:\Program Files\nodejs\node.exe Arguments: [C:\Users\Dell\AppData\Roaming\npm\node_modules\appium\build\lib\main.js, --port, 7138, --address, 0.0.0.0, --log-level, info, --relaxed-security, --session-override] 

	at io.appium.java_client.service.local.AppiumDriverLocalService.start(AppiumDriverLocalService.java:146)
	at com.basetest.TestBase.appiumStarter(TestBase.java:141)
	at com.basetest.TestBase.lunchingApp(TestBase.java:93)
	at sun.reflect.NativeMethodAccessorImpl.invoke0(Native Method)
	at sun.reflect.NativeMethodAccessorImpl.invoke(Unknown Source)
	at sun.reflect.DelegatingMethodAccessorImpl.invoke(Unknown Source)
	at java.lang.reflect.Method.invoke(Unknown Source)
	at org.testng.internal.MethodInvocationHelper.invokeMethod(MethodInvocationHelper.java:104)
	at org.testng.internal.Invoker.invokeConfigurationMethod(Invoker.java:515)
	at org.testng.internal.Invoker.invokeConfigurations(Invoker.java:217)
	at org.testng.internal.Invoker.invokeConfigurations(Invoker.java:144)
	at org.testng.internal.TestMethodWorker.invokeBeforeClassMethods(TestMethodWorker.java:169)
	at org.testng.internal.TestMethodWorker.run(TestMethodWorker.java:108)
	at org.testng.TestRunner.privateRun(TestRunner.java:756)
	at org.testng.TestRunner.run(TestRunner.java:610)
	at org.testng.SuiteRunner.runTest(SuiteRunner.java:387)
	at org.testng.SuiteRunner.runSequentially(SuiteRunner.java:382)
	at org.testng.SuiteRunner.privateRun(SuiteRunner.java:340)
	at org.testng.SuiteRunner.run(SuiteRunner.java:289)
	at org.testng.SuiteRunnerWorker.runSuite(SuiteRunnerWorker.java:52)
	at org.testng.SuiteRunnerWorker.run(SuiteRunnerWorker.java:86)
	at org.testng.TestNG.runSuitesSequentially(TestNG.java:1293)
	at org.testng.TestNG.runSuitesLocally(TestNG.java:1218)
	at org.testng.TestNG.runSuites(TestNG.java:1133)
	at org.testng.TestNG.run(TestNG.java:1104)
	at org.testng.remote.AbstractRemoteTestNG.run(AbstractRemoteTestNG.java:115)
	at org.testng.remote.RemoteTestNG.initAndRun(RemoteTestNG.java:251)
	at org.testng.remote.RemoteTestNG.main(RemoteTestNG.java:77)
Caused by: org.openqa.selenium.net.UrlChecker$TimeoutException: Timed out waiting for [http://0.0.0.0:7138/wd/hub/status] to be available after 120010 ms
	at org.openqa.selenium.net.UrlChecker.waitUntilAvailable(UrlChecker.java:100)
	at io.appium.java_client.service.local.AppiumDriverLocalService.ping(AppiumDriverLocalService.java:110)
	at io.appium.java_client.service.local.AppiumDriverLocalService.start(AppiumDriverLocalService.java:133)
	... 27 more
Caused by: java.util.concurrent.TimeoutException
	at java.util.concurrent.FutureTask.get(Unknown Source)
	at com.google.common.util.concurrent.SimpleTimeLimiter.callWithTimeout(SimpleTimeLimiter.java:156)
	at org.openqa.selenium.net.UrlChecker.waitUntilAvailable(UrlChecker.java:75)
	... 29 more
]]>
    </error>
  </testcase> <!-- lunchingApp -->
  <testcase name="tC_001_Validate_Search_Listing_page" time="0.145" classname="com.testcases.TC_001_Validate_Search_Listing_page">
    <skipped/>
  </testcase> <!-- tC_001_Validate_Search_Listing_page -->
</testsuite> <!-- com.testcases.TC_001_Validate_Search_Listing_page -->
