<?xml version="1.0" encoding="UTF-8"?>
<!-- Generated by org.testng.reporters.JUnitReportReporter -->
<testsuite name="com.testcases.TC_001_Validate_SplashScreen_Images" tests="1" time="1.049" ignored="0" failures="0" timestamp="20 Oct 2020 11:15:52 GMT" skipped="1" hostname="DESKTOP-8FKLJ50" errors="0">
  <testcase name="tC_001_Validate_SplashScreen_Images" time="1.049" classname="com.testcases.TC_001_Validate_SplashScreen_Images">
    <skipped/>
  </testcase> <!-- tC_001_Validate_SplashScreen_Images -->
</testsuite> <!-- com.testcases.TC_001_Validate_SplashScreen_Images -->
