<?xml version="1.0" encoding="UTF-8"?>
<!-- Generated by org.testng.reporters.JUnitReportReporter -->
<testsuite name="com.testcases.TC_024_Validate_Location_Access_Notification" tests="1" time="158.645" ignored="0" failures="0" timestamp="21 Dec 2020 15:21:25 GMT" skipped="0" hostname="DESKTOP-8FKLJ50" errors="0">
  <testcase name="tC_024_Validate_Location_Access_Notification" time="158.645" classname="com.testcases.TC_024_Validate_Location_Access_Notification"/>
</testsuite> <!-- com.testcases.TC_024_Validate_Location_Access_Notification -->
