<?xml version="1.0" encoding="UTF-8"?>
<!-- Generated by org.testng.reporters.JUnitReportReporter -->
<testsuite name="com.testcases.TC_002_Validate_NearBy_Homes_page" tests="1" time="67.663" ignored="0" failures="0" timestamp="31 Jul 2020 05:25:40 GMT" skipped="0" hostname="DESKTOP-8FKLJ50" errors="0">
  <testcase name="tC_002_Validate_NearBy_Homes_page" time="67.663" classname="com.testcases.TC_002_Validate_NearBy_Homes_page"/>
</testsuite> <!-- com.testcases.TC_002_Validate_NearBy_Homes_page -->
