<?xml version="1.0" encoding="UTF-8"?>
<!-- Generated by org.testng.reporters.JUnitReportReporter -->
<testsuite name="com.testcases.TC_019_Validate_Logout_landing_Page" tests="1" time="325.919" ignored="0" failures="0" timestamp="10 Feb 2021 11:17:19 GMT" skipped="0" hostname="DESKTOP-8FKLJ50" errors="0">
  <testcase name="tC_019_Validate_Logout_landing_Page" time="325.919" classname="com.testcases.TC_019_Validate_Logout_landing_Page"/>
</testsuite> <!-- com.testcases.TC_019_Validate_Logout_landing_Page -->
